#! /usr/local/Cellar/icarus-verilog/10.2_1/bin/vvp
:ivl_version "10.2 (stable)" "(v10_2)";
:ivl_delay_selection "TYPICAL";
:vpi_time_precision + 0;
:vpi_module "system";
:vpi_module "vhdl_sys";
:vpi_module "v2005_math";
:vpi_module "va_math";
S_0x7fe58a905090 .scope module, "screen_controller" "screen_controller" 2 1;
 .timescale 0 0;
    .port_info 0 /INPUT 1 "clk_in"
    .port_info 1 /OUTPUT 1 "R1_data"
    .port_info 2 /OUTPUT 1 "G1_data"
    .port_info 3 /OUTPUT 1 "B1_data"
    .port_info 4 /OUTPUT 1 "R2_data"
    .port_info 5 /OUTPUT 1 "G2_data"
    .port_info 6 /OUTPUT 1 "B2_data"
    .port_info 7 /OUTPUT 1 "A"
    .port_info 8 /OUTPUT 1 "B"
    .port_info 9 /OUTPUT 1 "C"
    .port_info 10 /OUTPUT 1 "D"
    .port_info 11 /OUTPUT 1 "E"
    .port_info 12 /OUTPUT 1 "clk_out"
    .port_info 13 /OUTPUT 1 "done"
    .port_info 14 /OUTPUT 1 "LAT"
    .port_info 15 /OUTPUT 1 "OE_N"
P_0x7fe58a9097b0 .param/l "LATCHING" 1 2 57, +C4<00000000000000000000000000000001>;
P_0x7fe58a9097f0 .param/l "OUTPUTTING" 1 2 58, +C4<00000000000000000000000000000010>;
P_0x7fe58a909830 .param/l "OUTPUT_DELAY" 1 2 65, +C4<000000000000000000000000000100001>;
P_0x7fe58a909870 .param/l "SCREEN_DEPTH" 0 2 52, +C4<00000000000000000000000000010000>;
P_0x7fe58a9098b0 .param/l "SCREEN_WIDTH" 0 2 51, +C4<00000000000000000000000000100000>;
P_0x7fe58a9098f0 .param/l "SDI" 1 2 56, +C4<00000000000000000000000000000000>;
L_0x7fe58a91ed10 .functor BUFZ 5, v0x7fe58a91e690_0, C4<00000>, C4<00000>, C4<00000>;
o0x10ca77448 .functor BUFZ 1, C4<z>; HiZ drive
L_0x7fe58a91f050 .functor AND 1, L_0x7fe58a91ef30, o0x10ca77448, C4<1>, C4<1>;
L_0x7fe58a920300 .functor AND 1, L_0x7fe58a91feb0, L_0x7fe58a920110, C4<1>, C4<1>;
L_0x7fe58a920be0 .functor AND 1, L_0x7fe58a9207d0, L_0x7fe58a920a20, C4<1>, C4<1>;
L_0x7fe58a921100 .functor AND 1, L_0x7fe58a921020, L_0x7fe58a920ed0, C4<1>, C4<1>;
L_0x7fe58a9218f0 .functor AND 1, L_0x7fe58a9217d0, L_0x7fe58a920370, C4<1>, C4<1>;
L_0x7fe58a922210 .functor AND 1, L_0x7fe58a922130, L_0x7fe58a922370, C4<1>, C4<1>;
L_0x7fe58a922a20 .functor AND 1, L_0x7fe58a922980, L_0x7fe58a9228e0, C4<1>, C4<1>;
v0x7fe58a909bc0_0 .net "A", 0 0, L_0x7fe58a91ec50;  1 drivers
v0x7fe58a919c40_0 .net "B", 0 0, L_0x7fe58a91eb10;  1 drivers
v0x7fe58a919ce0_0 .net "B1_data", 0 0, L_0x7fe58a9215d0;  1 drivers
v0x7fe58a919d70_0 .net "B2_data", 0 0, L_0x7fe58a922ed0;  1 drivers
v0x7fe58a919e10_0 .net "C", 0 0, L_0x7fe58a91ea50;  1 drivers
v0x7fe58a919ef0_0 .net "D", 0 0, L_0x7fe58a91e9b0;  1 drivers
v0x7fe58a919f90_0 .net "E", 0 0, L_0x7fe58a91e8f0;  1 drivers
v0x7fe58a91a030_0 .net "G1_data", 0 0, L_0x7fe58a920db0;  1 drivers
v0x7fe58a91a0d0_0 .net "G2_data", 0 0, L_0x7fe58a922720;  1 drivers
v0x7fe58a91a1e0_0 .net "LAT", 0 0, L_0x7fe58a91fca0;  1 drivers
v0x7fe58a91a270_0 .net "OE_N", 0 0, L_0x7fe58a91f7b0;  1 drivers
v0x7fe58a91a310_0 .net "R1_data", 0 0, L_0x7fe58a920590;  1 drivers
v0x7fe58a91a3b0_0 .net "R2_data", 0 0, L_0x7fe58a921f00;  1 drivers
v0x7fe58a91a450_0 .net *"_s100", 0 0, L_0x7fe58a920be0;  1 drivers
L_0x10caa8638 .functor BUFT 1, C4<01>, C4<0>, C4<0>, C4<0>;
v0x7fe58a91a4f0_0 .net/2s *"_s102", 1 0, L_0x10caa8638;  1 drivers
L_0x10caa8680 .functor BUFT 1, C4<00>, C4<0>, C4<0>, C4<0>;
v0x7fe58a91a5a0_0 .net/2s *"_s104", 1 0, L_0x10caa8680;  1 drivers
v0x7fe58a91a650_0 .net *"_s106", 1 0, L_0x7fe58a920c50;  1 drivers
L_0x10caa8008 .functor BUFT 1, C4<000000000000000000000000000000>, C4<0>, C4<0>, C4<0>;
v0x7fe58a91a7e0_0 .net *"_s11", 29 0, L_0x10caa8008;  1 drivers
v0x7fe58a91a870_0 .net *"_s110", 31 0, L_0x7fe58a920f80;  1 drivers
L_0x10caa86c8 .functor BUFT 1, C4<000000000000000000000000000>, C4<0>, C4<0>, C4<0>;
v0x7fe58a91a920_0 .net *"_s113", 26 0, L_0x10caa86c8;  1 drivers
L_0x10caa8710 .functor BUFT 1, C4<00000000000000000000000000000010>, C4<0>, C4<0>, C4<0>;
v0x7fe58a91a9d0_0 .net/2u *"_s114", 31 0, L_0x10caa8710;  1 drivers
v0x7fe58a91aa80_0 .net *"_s116", 0 0, L_0x7fe58a921020;  1 drivers
v0x7fe58a91ab20_0 .net *"_s118", 31 0, L_0x7fe58a921200;  1 drivers
L_0x10caa8050 .functor BUFT 1, C4<00000000000000000000000000000000>, C4<0>, C4<0>, C4<0>;
v0x7fe58a91abd0_0 .net/2u *"_s12", 31 0, L_0x10caa8050;  1 drivers
L_0x10caa8758 .functor BUFT 1, C4<000000000000000000000000000>, C4<0>, C4<0>, C4<0>;
v0x7fe58a91ac80_0 .net *"_s121", 26 0, L_0x10caa8758;  1 drivers
L_0x10caa87a0 .functor BUFT 1, C4<00000000000000000000000000000010>, C4<0>, C4<0>, C4<0>;
v0x7fe58a91ad30_0 .net/2u *"_s122", 31 0, L_0x10caa87a0;  1 drivers
v0x7fe58a91ade0_0 .net *"_s124", 0 0, L_0x7fe58a920ed0;  1 drivers
v0x7fe58a91ae80_0 .net *"_s126", 0 0, L_0x7fe58a921100;  1 drivers
L_0x10caa87e8 .functor BUFT 1, C4<01>, C4<0>, C4<0>, C4<0>;
v0x7fe58a91af20_0 .net/2s *"_s128", 1 0, L_0x10caa87e8;  1 drivers
L_0x10caa8830 .functor BUFT 1, C4<00>, C4<0>, C4<0>, C4<0>;
v0x7fe58a91afd0_0 .net/2s *"_s130", 1 0, L_0x10caa8830;  1 drivers
v0x7fe58a91b080_0 .net *"_s132", 1 0, L_0x7fe58a921450;  1 drivers
v0x7fe58a91b130_0 .net *"_s136", 31 0, L_0x7fe58a921340;  1 drivers
L_0x10caa8878 .functor BUFT 1, C4<000000000000000000000000000>, C4<0>, C4<0>, C4<0>;
v0x7fe58a91b1e0_0 .net *"_s139", 26 0, L_0x10caa8878;  1 drivers
v0x7fe58a91a700_0 .net *"_s14", 0 0, L_0x7fe58a91ef30;  1 drivers
L_0x10caa88c0 .functor BUFT 1, C4<00000000000000000000000000000000>, C4<0>, C4<0>, C4<0>;
v0x7fe58a91b470_0 .net/2u *"_s140", 31 0, L_0x10caa88c0;  1 drivers
v0x7fe58a91b500_0 .net *"_s142", 0 0, L_0x7fe58a9217d0;  1 drivers
v0x7fe58a91b590_0 .net *"_s144", 31 0, L_0x7fe58a9216b0;  1 drivers
L_0x10caa8908 .functor BUFT 1, C4<000000000000000000000000000>, C4<0>, C4<0>, C4<0>;
v0x7fe58a91b630_0 .net *"_s147", 26 0, L_0x10caa8908;  1 drivers
L_0x10caa8950 .functor BUFT 1, C4<00000000000000000000000000000000>, C4<0>, C4<0>, C4<0>;
v0x7fe58a91b6e0_0 .net/2u *"_s148", 31 0, L_0x10caa8950;  1 drivers
v0x7fe58a91b790_0 .net *"_s150", 0 0, L_0x7fe58a920370;  1 drivers
v0x7fe58a91b830_0 .net *"_s152", 0 0, L_0x7fe58a9218f0;  1 drivers
L_0x10caa8998 .functor BUFT 1, C4<01>, C4<0>, C4<0>, C4<0>;
v0x7fe58a91b8d0_0 .net/2s *"_s154", 1 0, L_0x10caa8998;  1 drivers
L_0x10caa89e0 .functor BUFT 1, C4<00>, C4<0>, C4<0>, C4<0>;
v0x7fe58a91b980_0 .net/2s *"_s156", 1 0, L_0x10caa89e0;  1 drivers
v0x7fe58a91ba30_0 .net *"_s158", 1 0, L_0x7fe58a921da0;  1 drivers
v0x7fe58a91bae0_0 .net *"_s16", 0 0, L_0x7fe58a91f050;  1 drivers
v0x7fe58a91bb80_0 .net *"_s162", 31 0, L_0x7fe58a921c60;  1 drivers
L_0x10caa8a28 .functor BUFT 1, C4<000000000000000000000000000>, C4<0>, C4<0>, C4<0>;
v0x7fe58a91bc30_0 .net *"_s165", 26 0, L_0x10caa8a28;  1 drivers
L_0x10caa8a70 .functor BUFT 1, C4<00000000000000000000000000000001>, C4<0>, C4<0>, C4<0>;
v0x7fe58a91bce0_0 .net/2u *"_s166", 31 0, L_0x10caa8a70;  1 drivers
v0x7fe58a91bd90_0 .net *"_s168", 0 0, L_0x7fe58a922130;  1 drivers
v0x7fe58a91be30_0 .net *"_s170", 31 0, L_0x7fe58a921fe0;  1 drivers
L_0x10caa8ab8 .functor BUFT 1, C4<000000000000000000000000000>, C4<0>, C4<0>, C4<0>;
v0x7fe58a91bee0_0 .net *"_s173", 26 0, L_0x10caa8ab8;  1 drivers
L_0x10caa8b00 .functor BUFT 1, C4<00000000000000000000000000000001>, C4<0>, C4<0>, C4<0>;
v0x7fe58a91bf90_0 .net/2u *"_s174", 31 0, L_0x10caa8b00;  1 drivers
v0x7fe58a91c040_0 .net *"_s176", 0 0, L_0x7fe58a922370;  1 drivers
v0x7fe58a91c0e0_0 .net *"_s178", 0 0, L_0x7fe58a922210;  1 drivers
L_0x10caa8098 .functor BUFT 1, C4<01>, C4<0>, C4<0>, C4<0>;
v0x7fe58a91c180_0 .net/2s *"_s18", 1 0, L_0x10caa8098;  1 drivers
L_0x10caa8b48 .functor BUFT 1, C4<01>, C4<0>, C4<0>, C4<0>;
v0x7fe58a91c230_0 .net/2s *"_s180", 1 0, L_0x10caa8b48;  1 drivers
L_0x10caa8b90 .functor BUFT 1, C4<00>, C4<0>, C4<0>, C4<0>;
v0x7fe58a91c2e0_0 .net/2s *"_s182", 1 0, L_0x10caa8b90;  1 drivers
v0x7fe58a91c390_0 .net *"_s184", 1 0, L_0x7fe58a9225c0;  1 drivers
v0x7fe58a91c440_0 .net *"_s188", 31 0, L_0x7fe58a922450;  1 drivers
L_0x10caa8bd8 .functor BUFT 1, C4<000000000000000000000000000>, C4<0>, C4<0>, C4<0>;
v0x7fe58a91c4f0_0 .net *"_s191", 26 0, L_0x10caa8bd8;  1 drivers
L_0x10caa8c20 .functor BUFT 1, C4<00000000000000000000000000000010>, C4<0>, C4<0>, C4<0>;
v0x7fe58a91c5a0_0 .net/2u *"_s192", 31 0, L_0x10caa8c20;  1 drivers
v0x7fe58a91c650_0 .net *"_s194", 0 0, L_0x7fe58a922980;  1 drivers
v0x7fe58a91c6f0_0 .net *"_s196", 31 0, L_0x7fe58a922800;  1 drivers
L_0x10caa8c68 .functor BUFT 1, C4<000000000000000000000000000>, C4<0>, C4<0>, C4<0>;
v0x7fe58a91c7a0_0 .net *"_s199", 26 0, L_0x10caa8c68;  1 drivers
L_0x10caa80e0 .functor BUFT 1, C4<00>, C4<0>, C4<0>, C4<0>;
v0x7fe58a91c850_0 .net/2s *"_s20", 1 0, L_0x10caa80e0;  1 drivers
L_0x10caa8cb0 .functor BUFT 1, C4<00000000000000000000000000000010>, C4<0>, C4<0>, C4<0>;
v0x7fe58a91b290_0 .net/2u *"_s200", 31 0, L_0x10caa8cb0;  1 drivers
v0x7fe58a91b340_0 .net *"_s202", 0 0, L_0x7fe58a9228e0;  1 drivers
v0x7fe58a91b3e0_0 .net *"_s204", 0 0, L_0x7fe58a922a20;  1 drivers
L_0x10caa8cf8 .functor BUFT 1, C4<01>, C4<0>, C4<0>, C4<0>;
v0x7fe58a91c8f0_0 .net/2s *"_s206", 1 0, L_0x10caa8cf8;  1 drivers
L_0x10caa8d40 .functor BUFT 1, C4<00>, C4<0>, C4<0>, C4<0>;
v0x7fe58a91c9a0_0 .net/2s *"_s208", 1 0, L_0x10caa8d40;  1 drivers
v0x7fe58a91ca50_0 .net *"_s210", 1 0, L_0x7fe58a922b10;  1 drivers
v0x7fe58a91cb00_0 .net *"_s22", 1 0, L_0x7fe58a91f140;  1 drivers
v0x7fe58a91cbb0_0 .net *"_s26", 31 0, L_0x7fe58a91f3f0;  1 drivers
L_0x10caa8128 .functor BUFT 1, C4<000000000000000000000000000000>, C4<0>, C4<0>, C4<0>;
v0x7fe58a91cc60_0 .net *"_s29", 29 0, L_0x10caa8128;  1 drivers
L_0x10caa8170 .functor BUFT 1, C4<00000000000000000000000000000010>, C4<0>, C4<0>, C4<0>;
v0x7fe58a91cd10_0 .net/2u *"_s30", 31 0, L_0x10caa8170;  1 drivers
v0x7fe58a91cdc0_0 .net *"_s32", 0 0, L_0x7fe58a91f510;  1 drivers
L_0x10caa81b8 .functor BUFT 1, C4<01>, C4<0>, C4<0>, C4<0>;
v0x7fe58a91ce60_0 .net/2s *"_s34", 1 0, L_0x10caa81b8;  1 drivers
L_0x10caa8200 .functor BUFT 1, C4<00>, C4<0>, C4<0>, C4<0>;
v0x7fe58a91cf10_0 .net/2s *"_s36", 1 0, L_0x10caa8200;  1 drivers
v0x7fe58a91cfc0_0 .net *"_s38", 1 0, L_0x7fe58a91f690;  1 drivers
v0x7fe58a91d070_0 .net *"_s42", 31 0, L_0x7fe58a91f900;  1 drivers
L_0x10caa8248 .functor BUFT 1, C4<000000000000000000000000000000>, C4<0>, C4<0>, C4<0>;
v0x7fe58a91d120_0 .net *"_s45", 29 0, L_0x10caa8248;  1 drivers
L_0x10caa8290 .functor BUFT 1, C4<00000000000000000000000000000001>, C4<0>, C4<0>, C4<0>;
v0x7fe58a91d1d0_0 .net/2u *"_s46", 31 0, L_0x10caa8290;  1 drivers
v0x7fe58a91d280_0 .net *"_s48", 0 0, L_0x7fe58a91fa20;  1 drivers
L_0x10caa82d8 .functor BUFT 1, C4<01>, C4<0>, C4<0>, C4<0>;
v0x7fe58a91d320_0 .net/2s *"_s50", 1 0, L_0x10caa82d8;  1 drivers
L_0x10caa8320 .functor BUFT 1, C4<00>, C4<0>, C4<0>, C4<0>;
v0x7fe58a91d3d0_0 .net/2s *"_s52", 1 0, L_0x10caa8320;  1 drivers
v0x7fe58a91d480_0 .net *"_s54", 1 0, L_0x7fe58a91fb80;  1 drivers
v0x7fe58a91d530_0 .net *"_s58", 31 0, L_0x7fe58a91fe10;  1 drivers
L_0x10caa8368 .functor BUFT 1, C4<000000000000000000000000000>, C4<0>, C4<0>, C4<0>;
v0x7fe58a91d5e0_0 .net *"_s61", 26 0, L_0x10caa8368;  1 drivers
L_0x10caa83b0 .functor BUFT 1, C4<00000000000000000000000000000000>, C4<0>, C4<0>, C4<0>;
v0x7fe58a91d690_0 .net/2u *"_s62", 31 0, L_0x10caa83b0;  1 drivers
v0x7fe58a91d740_0 .net *"_s64", 0 0, L_0x7fe58a91feb0;  1 drivers
v0x7fe58a91d7e0_0 .net *"_s66", 31 0, L_0x7fe58a920070;  1 drivers
L_0x10caa83f8 .functor BUFT 1, C4<000000000000000000000000000>, C4<0>, C4<0>, C4<0>;
v0x7fe58a91d890_0 .net *"_s69", 26 0, L_0x10caa83f8;  1 drivers
v0x7fe58a91d940_0 .net *"_s7", 4 0, L_0x7fe58a91ed10;  1 drivers
L_0x10caa8440 .functor BUFT 1, C4<00000000000000000000000000000000>, C4<0>, C4<0>, C4<0>;
v0x7fe58a91d9f0_0 .net/2u *"_s70", 31 0, L_0x10caa8440;  1 drivers
v0x7fe58a91daa0_0 .net *"_s72", 0 0, L_0x7fe58a920110;  1 drivers
v0x7fe58a91db40_0 .net *"_s74", 0 0, L_0x7fe58a920300;  1 drivers
L_0x10caa8488 .functor BUFT 1, C4<01>, C4<0>, C4<0>, C4<0>;
v0x7fe58a91dbe0_0 .net/2s *"_s76", 1 0, L_0x10caa8488;  1 drivers
L_0x10caa84d0 .functor BUFT 1, C4<00>, C4<0>, C4<0>, C4<0>;
v0x7fe58a91dc90_0 .net/2s *"_s78", 1 0, L_0x10caa84d0;  1 drivers
v0x7fe58a91dd40_0 .net *"_s8", 31 0, L_0x7fe58a91ed80;  1 drivers
v0x7fe58a91ddf0_0 .net *"_s80", 1 0, L_0x7fe58a920470;  1 drivers
v0x7fe58a91dea0_0 .net *"_s84", 31 0, L_0x7fe58a920730;  1 drivers
L_0x10caa8518 .functor BUFT 1, C4<000000000000000000000000000>, C4<0>, C4<0>, C4<0>;
v0x7fe58a91df50_0 .net *"_s87", 26 0, L_0x10caa8518;  1 drivers
L_0x10caa8560 .functor BUFT 1, C4<00000000000000000000000000000001>, C4<0>, C4<0>, C4<0>;
v0x7fe58a91e000_0 .net/2u *"_s88", 31 0, L_0x10caa8560;  1 drivers
v0x7fe58a91e0b0_0 .net *"_s90", 0 0, L_0x7fe58a9207d0;  1 drivers
v0x7fe58a91e150_0 .net *"_s92", 31 0, L_0x7fe58a920980;  1 drivers
L_0x10caa85a8 .functor BUFT 1, C4<000000000000000000000000000>, C4<0>, C4<0>, C4<0>;
v0x7fe58a91e200_0 .net *"_s95", 26 0, L_0x10caa85a8;  1 drivers
L_0x10caa85f0 .functor BUFT 1, C4<00000000000000000000000000000001>, C4<0>, C4<0>, C4<0>;
v0x7fe58a91e2b0_0 .net/2u *"_s96", 31 0, L_0x10caa85f0;  1 drivers
v0x7fe58a91e360_0 .net *"_s98", 0 0, L_0x7fe58a920a20;  1 drivers
v0x7fe58a91e400_0 .net "clk_in", 0 0, o0x10ca77448;  0 drivers
v0x7fe58a91e4a0_0 .net "clk_out", 0 0, L_0x7fe58a91f2c0;  1 drivers
v0x7fe58a91e540_0 .var "column", 4 0;
o0x10ca774d8 .functor BUFZ 1, C4<z>; HiZ drive
v0x7fe58a91e5f0_0 .net "done", 0 0, o0x10ca774d8;  0 drivers
v0x7fe58a91e690_0 .var "row", 4 0;
v0x7fe58a91e740_0 .var "state", 1 0;
E_0x7fe58a909990 .event posedge, v0x7fe58a91e400_0;
L_0x7fe58a91e8f0 .part L_0x7fe58a91ed10, 4, 1;
L_0x7fe58a91e9b0 .part L_0x7fe58a91ed10, 3, 1;
L_0x7fe58a91ea50 .part L_0x7fe58a91ed10, 2, 1;
L_0x7fe58a91eb10 .part L_0x7fe58a91ed10, 1, 1;
L_0x7fe58a91ec50 .part L_0x7fe58a91ed10, 0, 1;
L_0x7fe58a91ed80 .concat [ 2 30 0 0], v0x7fe58a91e740_0, L_0x10caa8008;
L_0x7fe58a91ef30 .cmp/eq 32, L_0x7fe58a91ed80, L_0x10caa8050;
L_0x7fe58a91f140 .functor MUXZ 2, L_0x10caa80e0, L_0x10caa8098, L_0x7fe58a91f050, C4<>;
L_0x7fe58a91f2c0 .part L_0x7fe58a91f140, 0, 1;
L_0x7fe58a91f3f0 .concat [ 2 30 0 0], v0x7fe58a91e740_0, L_0x10caa8128;
L_0x7fe58a91f510 .cmp/ne 32, L_0x7fe58a91f3f0, L_0x10caa8170;
L_0x7fe58a91f690 .functor MUXZ 2, L_0x10caa8200, L_0x10caa81b8, L_0x7fe58a91f510, C4<>;
L_0x7fe58a91f7b0 .part L_0x7fe58a91f690, 0, 1;
L_0x7fe58a91f900 .concat [ 2 30 0 0], v0x7fe58a91e740_0, L_0x10caa8248;
L_0x7fe58a91fa20 .cmp/eq 32, L_0x7fe58a91f900, L_0x10caa8290;
L_0x7fe58a91fb80 .functor MUXZ 2, L_0x10caa8320, L_0x10caa82d8, L_0x7fe58a91fa20, C4<>;
L_0x7fe58a91fca0 .part L_0x7fe58a91fb80, 0, 1;
L_0x7fe58a91fe10 .concat [ 5 27 0 0], v0x7fe58a91e690_0, L_0x10caa8368;
L_0x7fe58a91feb0 .cmp/eq 32, L_0x7fe58a91fe10, L_0x10caa83b0;
L_0x7fe58a920070 .concat [ 5 27 0 0], v0x7fe58a91e540_0, L_0x10caa83f8;
L_0x7fe58a920110 .cmp/eq 32, L_0x7fe58a920070, L_0x10caa8440;
L_0x7fe58a920470 .functor MUXZ 2, L_0x10caa84d0, L_0x10caa8488, L_0x7fe58a920300, C4<>;
L_0x7fe58a920590 .part L_0x7fe58a920470, 0, 1;
L_0x7fe58a920730 .concat [ 5 27 0 0], v0x7fe58a91e690_0, L_0x10caa8518;
L_0x7fe58a9207d0 .cmp/eq 32, L_0x7fe58a920730, L_0x10caa8560;
L_0x7fe58a920980 .concat [ 5 27 0 0], v0x7fe58a91e540_0, L_0x10caa85a8;
L_0x7fe58a920a20 .cmp/eq 32, L_0x7fe58a920980, L_0x10caa85f0;
L_0x7fe58a920c50 .functor MUXZ 2, L_0x10caa8680, L_0x10caa8638, L_0x7fe58a920be0, C4<>;
L_0x7fe58a920db0 .part L_0x7fe58a920c50, 0, 1;
L_0x7fe58a920f80 .concat [ 5 27 0 0], v0x7fe58a91e690_0, L_0x10caa86c8;
L_0x7fe58a921020 .cmp/eq 32, L_0x7fe58a920f80, L_0x10caa8710;
L_0x7fe58a921200 .concat [ 5 27 0 0], v0x7fe58a91e540_0, L_0x10caa8758;
L_0x7fe58a920ed0 .cmp/eq 32, L_0x7fe58a921200, L_0x10caa87a0;
L_0x7fe58a921450 .functor MUXZ 2, L_0x10caa8830, L_0x10caa87e8, L_0x7fe58a921100, C4<>;
L_0x7fe58a9215d0 .part L_0x7fe58a921450, 0, 1;
L_0x7fe58a921340 .concat [ 5 27 0 0], v0x7fe58a91e690_0, L_0x10caa8878;
L_0x7fe58a9217d0 .cmp/eq 32, L_0x7fe58a921340, L_0x10caa88c0;
L_0x7fe58a9216b0 .concat [ 5 27 0 0], v0x7fe58a91e540_0, L_0x10caa8908;
L_0x7fe58a920370 .cmp/eq 32, L_0x7fe58a9216b0, L_0x10caa8950;
L_0x7fe58a921da0 .functor MUXZ 2, L_0x10caa89e0, L_0x10caa8998, L_0x7fe58a9218f0, C4<>;
L_0x7fe58a921f00 .part L_0x7fe58a921da0, 0, 1;
L_0x7fe58a921c60 .concat [ 5 27 0 0], v0x7fe58a91e690_0, L_0x10caa8a28;
L_0x7fe58a922130 .cmp/eq 32, L_0x7fe58a921c60, L_0x10caa8a70;
L_0x7fe58a921fe0 .concat [ 5 27 0 0], v0x7fe58a91e540_0, L_0x10caa8ab8;
L_0x7fe58a922370 .cmp/eq 32, L_0x7fe58a921fe0, L_0x10caa8b00;
L_0x7fe58a9225c0 .functor MUXZ 2, L_0x10caa8b90, L_0x10caa8b48, L_0x7fe58a922210, C4<>;
L_0x7fe58a922720 .part L_0x7fe58a9225c0, 0, 1;
L_0x7fe58a922450 .concat [ 5 27 0 0], v0x7fe58a91e690_0, L_0x10caa8bd8;
L_0x7fe58a922980 .cmp/eq 32, L_0x7fe58a922450, L_0x10caa8c20;
L_0x7fe58a922800 .concat [ 5 27 0 0], v0x7fe58a91e540_0, L_0x10caa8c68;
L_0x7fe58a9228e0 .cmp/eq 32, L_0x7fe58a922800, L_0x10caa8cb0;
L_0x7fe58a922b10 .functor MUXZ 2, L_0x10caa8d40, L_0x10caa8cf8, L_0x7fe58a922a20, C4<>;
L_0x7fe58a922ed0 .part L_0x7fe58a922b10, 0, 1;
    .scope S_0x7fe58a905090;
T_0 ;
    %pushi/vec4 0, 0, 5;
    %assign/vec4 v0x7fe58a91e690_0, 0;
    %pushi/vec4 0, 0, 2;
    %assign/vec4 v0x7fe58a91e740_0, 0;
    %end;
    .thread T_0;
    .scope S_0x7fe58a905090;
T_1 ;
    %wait E_0x7fe58a909990;
    %load/vec4 v0x7fe58a91e690_0;
    %pad/u 32;
    %cmpi/e 15, 0, 32;
    %jmp/0xz  T_1.0, 4;
    %pushi/vec4 0, 0, 5;
    %assign/vec4 v0x7fe58a91e690_0, 0;
    %jmp T_1.1;
T_1.0 ;
    %load/vec4 v0x7fe58a91e690_0;
    %addi 1, 0, 5;
    %assign/vec4 v0x7fe58a91e690_0, 0;
    %load/vec4 v0x7fe58a91e740_0;
    %dup/vec4;
    %pushi/vec4 0, 0, 2;
    %cmp/u;
    %jmp/1 T_1.2, 6;
    %dup/vec4;
    %pushi/vec4 1, 0, 2;
    %cmp/u;
    %jmp/1 T_1.3, 6;
    %dup/vec4;
    %pushi/vec4 2, 0, 2;
    %cmp/u;
    %jmp/1 T_1.4, 6;
    %jmp T_1.5;
T_1.2 ;
    %load/vec4 v0x7fe58a91e540_0;
    %addi 1, 0, 5;
    %assign/vec4 v0x7fe58a91e540_0, 0;
    %load/vec4 v0x7fe58a91e540_0;
    %pad/u 32;
    %cmpi/e 31, 0, 32;
    %jmp/0xz  T_1.6, 4;
    %pushi/vec4 1, 0, 2;
    %assign/vec4 v0x7fe58a91e740_0, 0;
    %pushi/vec4 0, 0, 5;
    %assign/vec4 v0x7fe58a91e540_0, 0;
T_1.6 ;
    %jmp T_1.5;
T_1.3 ;
    %pushi/vec4 2, 0, 2;
    %assign/vec4 v0x7fe58a91e740_0, 0;
    %jmp T_1.5;
T_1.4 ;
    %load/vec4 v0x7fe58a91e540_0;
    %addi 1, 0, 5;
    %assign/vec4 v0x7fe58a91e540_0, 0;
    %load/vec4 v0x7fe58a91e540_0;
    %pad/u 33;
    %cmpi/e 33, 0, 33;
    %jmp/0xz  T_1.8, 4;
    %pushi/vec4 0, 0, 5;
    %assign/vec4 v0x7fe58a91e540_0, 0;
    %pushi/vec4 0, 0, 2;
    %assign/vec4 v0x7fe58a91e740_0, 0;
T_1.8 ;
    %jmp T_1.5;
T_1.5 ;
    %pop/vec4 1;
T_1.1 ;
    %jmp T_1;
    .thread T_1;
# The file index is used to find the file name in the following table.
:file_names 3;
    "N/A";
    "<interactive>";
    "screen_controller.v";
